2020-06-12 00:23:20.181  INFO 2388 --- [main] com.example.order.OrderApplication       : Starting OrderApplication on DESKTOP-URLD6GT with PID 2388 (F:\order\target\classes started by MWY1517955281 in F:\order)
2020-06-12 00:23:20.200  INFO 2388 --- [main] com.example.order.OrderApplication       : No active profile set, falling back to default profiles: default
2020-06-12 00:23:22.380  INFO 2388 --- [main] o.s.b.w.embedded.tomcat.TomcatWebServer  : Tomcat initialized with port(s): 8080 (http)
2020-06-12 00:23:22.393  INFO 2388 --- [main] o.apache.catalina.core.StandardService   : Starting service [Tomcat]
2020-06-12 00:23:22.395  INFO 2388 --- [main] org.apache.catalina.core.StandardEngine  : Starting Servlet engine: [Apache Tomcat/9.0.33]
2020-06-12 00:23:22.762  INFO 2388 --- [main] o.a.c.c.C.[Tomcat].[localhost].[/]       : Initializing Spring embedded WebApplicationContext
2020-06-12 00:23:22.763 DEBUG 2388 --- [main] o.s.web.context.ContextLoader            : Published root WebApplicationContext as ServletContext attribute with name [org.springframework.web.context.WebApplicationContext.ROOT]
2020-06-12 00:23:22.763  INFO 2388 --- [main] o.s.web.context.ContextLoader            : Root WebApplicationContext: initialization completed in 2471 ms
2020-06-12 00:23:23.259  INFO 2388 --- [main] o.s.s.concurrent.ThreadPoolTaskExecutor  : Initializing ExecutorService 'applicationTaskExecutor'
2020-06-12 00:23:23.279 DEBUG 2388 --- [main] s.w.s.m.m.a.RequestMappingHandlerAdapter : ControllerAdvice beans: 0 @ModelAttribute, 0 @InitBinder, 1 RequestBodyAdvice, 1 ResponseBodyAdvice
2020-06-12 00:23:23.356 DEBUG 2388 --- [main] s.w.s.m.m.a.RequestMappingHandlerMapping : 7 mappings in 'requestMappingHandlerMapping'
2020-06-12 00:23:23.392 DEBUG 2388 --- [main] o.s.w.s.handler.SimpleUrlHandlerMapping  : Patterns [/webjars/**, /**] in 'resourceHandlerMapping'
2020-06-12 00:23:23.404 DEBUG 2388 --- [main] .m.m.a.ExceptionHandlerExceptionResolver : ControllerAdvice beans: 0 @ExceptionHandler, 1 ResponseBodyAdvice
2020-06-12 00:23:23.597  INFO 2388 --- [main] o.s.b.w.embedded.tomcat.TomcatWebServer  : Tomcat started on port(s): 8080 (http) with context path ''
2020-06-12 00:23:23.600  INFO 2388 --- [main] com.example.order.OrderApplication       : Started OrderApplication in 4.446 seconds (JVM running for 6.825)
2020-06-12 00:23:26.443  INFO 2388 --- [http-nio-8080-exec-1] o.a.c.c.C.[Tomcat].[localhost].[/]       : Initializing Spring DispatcherServlet 'dispatcherServlet'
2020-06-12 00:23:26.444  INFO 2388 --- [http-nio-8080-exec-1] o.s.web.servlet.DispatcherServlet        : Initializing Servlet 'dispatcherServlet'
2020-06-12 00:23:26.445 DEBUG 2388 --- [http-nio-8080-exec-1] o.s.web.servlet.DispatcherServlet        : Detected StandardServletMultipartResolver
2020-06-12 00:23:26.455 DEBUG 2388 --- [http-nio-8080-exec-1] o.s.web.servlet.DispatcherServlet        : enableLoggingRequestDetails='false': request parameters and headers will be masked to prevent unsafe logging of potentially sensitive data
2020-06-12 00:23:26.456  INFO 2388 --- [http-nio-8080-exec-1] o.s.web.servlet.DispatcherServlet        : Completed initialization in 12 ms
2020-06-12 00:23:26.472 DEBUG 2388 --- [http-nio-8080-exec-1] o.s.web.servlet.DispatcherServlet        : GET "/product/1", parameters={}
2020-06-12 00:23:26.481 DEBUG 2388 --- [http-nio-8080-exec-1] s.w.s.m.m.a.RequestMappingHandlerMapping : Mapped to com.example.order.controller.ProductController#product(String)
2020-06-12 00:23:26.568  WARN 2388 --- [http-nio-8080-exec-1] com.zaxxer.hikari.HikariConfig           : KevinHikariPool - idleTimeout is close to or more than maxLifetime, disabling it.
2020-06-12 00:23:26.570  INFO 2388 --- [http-nio-8080-exec-1] com.zaxxer.hikari.HikariDataSource       : KevinHikariPool - Starting...
2020-06-12 00:23:26.967  INFO 2388 --- [http-nio-8080-exec-1] com.zaxxer.hikari.pool.PoolBase          : KevinHikariPool - Driver does not support get/set network timeout for connections. (com.mysql.jdbc.JDBC4Connection.getNetworkTimeout()I)
2020-06-12 00:23:27.005  INFO 2388 --- [http-nio-8080-exec-1] com.zaxxer.hikari.HikariDataSource       : KevinHikariPool - Start completed.
2020-06-12 00:23:27.134 DEBUG 2388 --- [http-nio-8080-exec-1] m.m.a.RequestResponseBodyMethodProcessor : Using 'application/json', given [*/*] and supported [application/json, application/*+json, application/json, application/*+json]
2020-06-12 00:23:27.136 DEBUG 2388 --- [http-nio-8080-exec-1] m.m.a.RequestResponseBodyMethodProcessor : Writing [com.example.order.Api.ResponseResult@793698b3]
2020-06-12 00:23:27.174 DEBUG 2388 --- [http-nio-8080-exec-1] o.s.web.servlet.DispatcherServlet        : Completed 200 OK
